0 info it worked if it ends with ok
1 verbose cli [ '/Network/Servers/macmini00.quadrac.jp/Users/qi_hisanaga/.nodebrew/node/v6.6.0/bin/node',
1 verbose cli   '/Network/Servers/macmini00.quadrac.jp/Users/qi_hisanaga/.nodebrew/current/bin/npm',
1 verbose cli   'start' ]
2 info using npm@3.10.8
3 info using node@v6.6.0
4 verbose run-script [ 'prestart', 'start', 'poststart' ]
5 info lifecycle proton-template-app@1.0.0~prestart: proton-template-app@1.0.0
6 silly lifecycle proton-template-app@1.0.0~prestart: no script for prestart, continuing
7 info lifecycle proton-template-app@1.0.0~start: proton-template-app@1.0.0
8 verbose lifecycle proton-template-app@1.0.0~start: unsafe-perm in lifecycle true
9 verbose lifecycle proton-template-app@1.0.0~start: PATH: /Network/Servers/macmini00.quadrac.jp/Users/qi_hisanaga/.nodebrew/node/v6.6.0/lib/node_modules/npm/bin/node-gyp-bin:/Network/Servers/macmini00.quadrac.jp/Users/qi_hisanaga/cardd-manager/photon/template-app/node_modules/.bin:/Network/Servers/macmini00.quadrac.jp/Users/qi_hisanaga/.nodebrew/node/v6.6.0/bin:/Network/Servers/macmini00.quadrac.jp/Users/qi_hisanaga/.nodebrew/current/bin:/Network/Servers/macmini00.quadrac.jp/Users/qi_hisanaga/tools:/Network/Servers/macmini00.quadrac.jp/Users/qi_hisanaga/q-core-scripts/bin:/usr/local/bin:/usr/bin:/bin:/usr/sbin:/sbin:/opt/X11/bin
10 verbose lifecycle proton-template-app@1.0.0~start: CWD: /Network/Servers/macmini00.quadrac.jp/Users/qi_hisanaga/cardd-manager/photon/template-app
11 silly lifecycle proton-template-app@1.0.0~start: Args: [ '-c', 'electron .' ]
12 info lifecycle proton-template-app@1.0.0~start: Failed to exec start script
13 verbose stack Error: proton-template-app@1.0.0 start: `electron .`
13 verbose stack spawn ENOENT
13 verbose stack     at ChildProcess.<anonymous> (/Network/Servers/macmini00.quadrac.jp/Users/qi_hisanaga/.nodebrew/node/v6.6.0/lib/node_modules/npm/lib/utils/spawn.js:33:16)
13 verbose stack     at emitTwo (events.js:106:13)
13 verbose stack     at ChildProcess.emit (events.js:191:7)
13 verbose stack     at maybeClose (internal/child_process.js:877:16)
13 verbose stack     at Process.ChildProcess._handle.onexit (internal/child_process.js:226:5)
14 verbose pkgid proton-template-app@1.0.0
15 verbose cwd /Network/Servers/macmini00.quadrac.jp/Users/qi_hisanaga/cardd-manager/photon/template-app
16 error Darwin 15.6.0
17 error argv "/Network/Servers/macmini00.quadrac.jp/Users/qi_hisanaga/.nodebrew/node/v6.6.0/bin/node" "/Network/Servers/macmini00.quadrac.jp/Users/qi_hisanaga/.nodebrew/current/bin/npm" "start"
18 error node v6.6.0
19 error npm  v3.10.8
20 error file sh
21 error code ELIFECYCLE
22 error errno ENOENT
23 error syscall spawn
24 error proton-template-app@1.0.0 start: `electron .`
24 error spawn ENOENT
25 error Failed at the proton-template-app@1.0.0 start script 'electron .'.
25 error Make sure you have the latest version of node.js and npm installed.
25 error If you do, this is most likely a problem with the proton-template-app package,
25 error not with npm itself.
25 error Tell the author that this fails on your system:
25 error     electron .
25 error You can get information on how to open an issue for this project with:
25 error     npm bugs proton-template-app
25 error Or if that isn't available, you can get their info via:
25 error     npm owner ls proton-template-app
25 error There is likely additional logging output above.
26 verbose exit [ 1, true ]
